# JRE version: OpenJDK Runtime Environment (8.0_242-b01) (build 1.8.0_242-release-1644-b01)
# Java VM: OpenJDK 64-Bit Server VM (25.242-b01 mixed mode windows-amd64 compressed oops)
Heap:
 PSYoungGen      total 401408K, used 70915K [0x00000000e0000000, 0x0000000100000000, 0x0000000100000000)
  eden space 323072K, 0% used [0x00000000e0000000,0x00000000e0000000,0x00000000f3b80000)
  from space 78336K, 90% used [0x00000000f3b80000,0x00000000f80c0c18,0x00000000f8800000)
  to   space 88576K, 0% used [0x00000000fa980000,0x00000000fa980000,0x0000000100000000)
 ParOldGen       total 250880K, used 209846K [0x00000000a0000000, 0x00000000af500000, 0x00000000e0000000)
  object space 250880K, 83% used [0x00000000a0000000,0x00000000acced828,0x00000000af500000)
 Metaspace       used 104546K, capacity 112816K, committed 113192K, reserved 1146880K
  class space    used 13682K, capacity 15534K, committed 15656K, reserved 1048576K
GC Heap History (10 events):
Event: 14171.361 GC heap after
Heap after GC invocations=31 (full 4):
 PSYoungGen      total 323584K, used 11203K [0x00000000e0000000, 0x00000000f9280000, 0x0000000100000000)
  eden space 265216K, 0% used [0x00000000e0000000,0x00000000e0000000,0x00000000f0300000)
  from space 58368K, 19% used [0x00000000f0300000,0x00000000f0df0e98,0x00000000f3c00000)
  to   space 56832K, 0% used [0x00000000f5b00000,0x00000000f5b00000,0x00000000f9280000)
 ParOldGen       total 250880K, used 117390K [0x00000000a0000000, 0x00000000af500000, 0x00000000e0000000)
  object space 250880K, 46% used [0x00000000a0000000,0x00000000a72a3a00,0x00000000af500000)
 Metaspace       used 86003K, capacity 91618K, committed 91816K, reserved 1128448K
  class space    used 11193K, capacity 12362K, committed 12456K, reserved 1048576K
}
Event: 14176.652 GC heap before
{Heap before GC invocations=32 (full 4):
 PSYoungGen      total 323584K, used 276419K [0x00000000e0000000, 0x00000000f9280000, 0x0000000100000000)
  eden space 265216K, 100% used [0x00000000e0000000,0x00000000f0300000,0x00000000f0300000)
  from space 58368K, 19% used [0x00000000f0300000,0x00000000f0df0e98,0x00000000f3c00000)
  to   space 56832K, 0% used [0x00000000f5b00000,0x00000000f5b00000,0x00000000f9280000)
 ParOldGen       total 250880K, used 117390K [0x00000000a0000000, 0x00000000af500000, 0x00000000e0000000)
  object space 250880K, 46% used [0x00000000a0000000,0x00000000a72a3a00,0x00000000af500000)
 Metaspace       used 96761K, capacity 103264K, committed 103336K, reserved 1138688K
  class space    used 12612K, capacity 13961K, committed 13992K, reserved 1048576K
Event: 14176.693 GC heap after
Heap after GC invocations=32 (full 4):
 PSYoungGen      total 351232K, used 28189K [0x00000000e0000000, 0x00000000f8f80000, 0x0000000100000000)
  eden space 297472K, 0% used [0x00000000e0000000,0x00000000e0000000,0x00000000f2280000)
  from space 53760K, 52% used [0x00000000f5b00000,0x00000000f7687750,0x00000000f8f80000)
  to   space 55808K, 0% used [0x00000000f2280000,0x00000000f2280000,0x00000000f5900000)
 ParOldGen       total 250880K, used 117398K [0x00000000a0000000, 0x00000000af500000, 0x00000000e0000000)
  object space 250880K, 46% used [0x00000000a0000000,0x00000000a72a5a00,0x00000000af500000)
 Metaspace       used 96761K, capacity 103264K, committed 103336K, reserved 1138688K
  class space    used 12612K, capacity 13961K, committed 13992K, reserved 1048576K
}
Event: 14180.277 GC heap before
{Heap before GC invocations=33 (full 4):
 PSYoungGen      total 351232K, used 325661K [0x00000000e0000000, 0x00000000f8f80000, 0x0000000100000000)
  eden space 297472K, 100% used [0x00000000e0000000,0x00000000f2280000,0x00000000f2280000)
  from space 53760K, 52% used [0x00000000f5b00000,0x00000000f7687750,0x00000000f8f80000)
  to   space 55808K, 0% used [0x00000000f2280000,0x00000000f2280000,0x00000000f5900000)
 ParOldGen       total 250880K, used 117398K [0x00000000a0000000, 0x00000000af500000, 0x00000000e0000000)
  object space 250880K, 46% used [0x00000000a0000000,0x00000000a72a5a00,0x00000000af500000)
 Metaspace       used 100821K, capacity 108786K, committed 108968K, reserved 1142784K
  class space    used 13198K, capacity 14991K, committed 15016K, reserved 1048576K
Event: 14180.391 GC heap after
Heap after GC invocations=33 (full 4):
 PSYoungGen      total 353280K, used 38805K [0x00000000e0000000, 0x00000000fc180000, 0x0000000100000000)
  eden space 297472K, 0% used [0x00000000e0000000,0x00000000e0000000,0x00000000f2280000)
  from space 55808K, 69% used [0x00000000f2280000,0x00000000f48656d8,0x00000000f5900000)
  to   space 58880K, 0% used [0x00000000f8800000,0x00000000f8800000,0x00000000fc180000)
 ParOldGen       total 250880K, used 117406K [0x00000000a0000000, 0x00000000af500000, 0x00000000e0000000)
  object space 250880K, 46% used [0x00000000a0000000,0x00000000a72a7a00,0x00000000af500000)
 Metaspace       used 100821K, capacity 108786K, committed 108968K, reserved 1142784K
  class space    used 13198K, capacity 14991K, committed 15016K, reserved 1048576K
}
Event: 14186.627 GC heap before
{Heap before GC invocations=34 (full 4):
 PSYoungGen      total 353280K, used 336277K [0x00000000e0000000, 0x00000000fc180000, 0x0000000100000000)
  eden space 297472K, 100% used [0x00000000e0000000,0x00000000f2280000,0x00000000f2280000)
  from space 55808K, 69% used [0x00000000f2280000,0x00000000f48656d8,0x00000000f5900000)
  to   space 58880K, 0% used [0x00000000f8800000,0x00000000f8800000,0x00000000fc180000)
 ParOldGen       total 250880K, used 117408K [0x00000000a0000000, 0x00000000af500000, 0x00000000e0000000)
  object space 250880K, 46% used [0x00000000a0000000,0x00000000a72a83e8,0x00000000af500000)
 Metaspace       used 104494K, capacity 112688K, committed 112936K, reserved 1146880K
  class space    used 13680K, capacity 15534K, committed 15656K, reserved 1048576K
Event: 14186.822 GC heap after
Heap after GC invocations=34 (full 4):
 PSYoungGen      total 381952K, used 58869K [0x00000000e0000000, 0x00000000fec80000, 0x0000000100000000)
  eden space 323072K, 0% used [0x00000000e0000000,0x00000000e0000000,0x00000000f3b80000)
  from space 58880K, 99% used [0x00000000f8800000,0x00000000fc17d660,0x00000000fc180000)
  to   space 78336K, 0% used [0x00000000f3b80000,0x00000000f3b80000,0x00000000f8800000)
 ParOldGen       total 250880K, used 144251K [0x00000000a0000000, 0x00000000af500000, 0x00000000e0000000)
  object space 250880K, 57% used [0x00000000a0000000,0x00000000a8cdeda0,0x00000000af500000)
 Metaspace       used 104494K, capacity 112688K, committed 112936K, reserved 1146880K
  class space    used 13680K, capacity 15534K, committed 15656K, reserved 1048576K
}
Event: 14187.360 GC heap before
{Heap before GC invocations=35 (full 4):
 PSYoungGen      total 381952K, used 381941K [0x00000000e0000000, 0x00000000fec80000, 0x0000000100000000)
  eden space 323072K, 100% used [0x00000000e0000000,0x00000000f3b80000,0x00000000f3b80000)
  from space 58880K, 99% used [0x00000000f8800000,0x00000000fc17d660,0x00000000fc180000)
  to   space 78336K, 0% used [0x00000000f3b80000,0x00000000f3b80000,0x00000000f8800000)
 ParOldGen       total 250880K, used 144254K [0x00000000a0000000, 0x00000000af500000, 0x00000000e0000000)
  object space 250880K, 57% used [0x00000000a0000000,0x00000000a8cdf808,0x00000000af500000)
 Metaspace       used 104546K, capacity 112816K, committed 113192K, reserved 1146880K
  class space    used 13682K, capacity 15534K, committed 15656K, reserved 1048576K
Event: 14188.221 GC heap after
Heap after GC invocations=35 (full 4):
 PSYoungGen      total 401408K, used 70915K [0x00000000e0000000, 0x0000000100000000, 0x0000000100000000)
  eden space 323072K, 0% used [0x00000000e0000000,0x00000000e0000000,0x00000000f3b80000)
  from space 78336K, 90% used [0x00000000f3b80000,0x00000000f80c0c18,0x00000000f8800000)
  to   space 88576K, 0% used [0x00000000fa980000,0x00000000fa980000,0x0000000100000000)
 ParOldGen       total 250880K, used 209846K [0x00000000a0000000, 0x00000000af500000, 0x00000000e0000000)
  object space 250880K, 83% used [0x00000000a0000000,0x00000000acced828,0x00000000af500000)
 Metaspace       used 104546K, capacity 112816K, committed 113192K, reserved 1146880K
  class space    used 13682K, capacity 15534K, committed 15656K, reserved 1048576K
}
Event: 14188.221 GC heap before
{Heap before GC invocations=36 (full 5):
 PSYoungGen      total 401408K, used 70915K [0x00000000e0000000, 0x0000000100000000, 0x0000000100000000)
  eden space 323072K, 0% used [0x00000000e0000000,0x00000000e0000000,0x00000000f3b80000)
  from space 78336K, 90% used [0x00000000f3b80000,0x00000000f80c0c18,0x00000000f8800000)
  to   space 88576K, 0% used [0x00000000fa980000,0x00000000fa980000,0x0000000100000000)
 ParOldGen       total 250880K, used 209846K [0x00000000a0000000, 0x00000000af500000, 0x00000000e0000000)
  object space 250880K, 83% used [0x00000000a0000000,0x00000000acced828,0x00000000af500000)
 Metaspace       used 104546K, capacity 112816K, committed 113192K, reserved 1146880K
  class space    used 13682K, capacity 15534K, committed 15656K, reserved 1048576K

